<testsuites>
  <errors>0</errors>
  <failures>0</failures>
  <tests>6</tests>
  <testsuite>
    <name>full</name>
    <tests>3</tests>
    <skipped>0</skipped>
    <errors>0</errors>
    <failures>0</failures>
    <testcase>
      <name>descr</name>
      <classname>l3extRouteTagPol</classname>
    </testcase>
    <testcase>
      <name>name</name>
      <classname>l3extRouteTagPol</classname>
    </testcase>
    <testcase>
      <name>tag</name>
      <classname>l3extRouteTagPol</classname>
    </testcase>
  </testsuite>
  <testsuite>
    <name>minimal</name>
    <tests>3</tests>
    <skipped>0</skipped>
    <errors>0</errors>
    <failures>0</failures>
    <testcase>
      <name>descr</name>
      <classname>l3extRouteTagPol</classname>
    </testcase>
    <testcase>
      <name>name</name>
      <classname>l3extRouteTagPol</classname>
    </testcase>
    <testcase>
      <name>tag</name>
      <classname>l3extRouteTagPol</classname>
    </testcase>
  </testsuite>
</testsuites>